<?xml version="1.0" encoding="UTF-8"?>
<!-- Generated by org.testng.reporters.JUnitReportReporter -->
<testsuite hostname="anju" failures="0" tests="1" name="com.inetbanking.testcases.LoginTestCase_001" time="130.869" errors="0" timestamp="23 Jun 2022 16:03:24 GMT" skipped="0">
  <testcase classname="com.inetbanking.testcases.LoginTestCase_001" name="logintestcase" time="130.869"/>
</testsuite> <!-- com.inetbanking.testcases.LoginTestCase_001 -->
