<?xml version="1.0" encoding="UTF-8"?>
<!-- Generated by org.testng.reporters.JUnitReportReporter -->
<testsuite hostname="anju" failures="0" tests="1" name="com.inetbanking.testcases.LoginTestCase_001" time="95.055" errors="0" timestamp="2022-06-13T17:22:18 IST" skipped="0">
  <testcase classname="com.inetbanking.testcases.LoginTestCase_001" name="logintestcase" time="95.055"/>
  <system-out/>
</testsuite> <!-- com.inetbanking.testcases.LoginTestCase_001 -->
