<?xml version="1.0" encoding="UTF-8"?>
<!-- Generated by org.testng.reporters.JUnitReportReporter -->
<testsuite hostname="anju" failures="0" tests="1" name="com.inetbanking.testcases.TC_AddNewCustomer_002" time="54.349" errors="0" timestamp="2022-06-13T17:22:18 IST" skipped="0">
  <testcase classname="com.inetbanking.testcases.TC_AddNewCustomer_002" name="AddNewCustomer" time="54.349"/>
  <system-out/>
</testsuite> <!-- com.inetbanking.testcases.TC_AddNewCustomer_002 -->
